c:\users\administrator\desktop\hbcentuu\client\cximage\release\tif_xfile.obj
c:\users\administrator\desktop\hbcentuu\client\cximage\release\ximabmp.obj
c:\users\administrator\desktop\hbcentuu\client\cximage\release\ximadsp.obj
c:\users\administrator\desktop\hbcentuu\client\cximage\release\ximaenc.obj
c:\users\administrator\desktop\hbcentuu\client\cximage\release\ximaexif.obj
c:\users\administrator\desktop\hbcentuu\client\cximage\release\ximage.obj
c:\users\administrator\desktop\hbcentuu\client\cximage\release\ximagif.obj
c:\users\administrator\desktop\hbcentuu\client\cximage\release\ximahist.obj
c:\users\administrator\desktop\hbcentuu\client\cximage\release\ximaico.obj
c:\users\administrator\desktop\hbcentuu\client\cximage\release\ximainfo.obj
c:\users\administrator\desktop\hbcentuu\client\cximage\release\ximaint.obj
c:\users\administrator\desktop\hbcentuu\client\cximage\release\ximaj2k.obj
c:\users\administrator\desktop\hbcentuu\client\cximage\release\ximajas.obj
c:\users\administrator\desktop\hbcentuu\client\cximage\release\ximajbg.obj
c:\users\administrator\desktop\hbcentuu\client\cximage\release\ximajpg.obj
c:\users\administrator\desktop\hbcentuu\client\cximage\release\ximalpha.obj
c:\users\administrator\desktop\hbcentuu\client\cximage\release\ximalyr.obj
c:\users\administrator\desktop\hbcentuu\client\cximage\release\ximamng.obj
c:\users\administrator\desktop\hbcentuu\client\cximage\release\ximapal.obj
c:\users\administrator\desktop\hbcentuu\client\cximage\release\ximapcx.obj
c:\users\administrator\desktop\hbcentuu\client\cximage\release\ximapng.obj
c:\users\administrator\desktop\hbcentuu\client\cximage\release\ximasel.obj
c:\users\administrator\desktop\hbcentuu\client\cximage\release\ximatga.obj
c:\users\administrator\desktop\hbcentuu\client\cximage\release\ximath.obj
c:\users\administrator\desktop\hbcentuu\client\cximage\release\ximatif.obj
c:\users\administrator\desktop\hbcentuu\client\cximage\release\ximatran.obj
c:\users\administrator\desktop\hbcentuu\client\cximage\release\ximawbmp.obj
c:\users\administrator\desktop\hbcentuu\client\cximage\release\ximawmf.obj
c:\users\administrator\desktop\hbcentuu\client\cximage\release\ximawnd.obj
c:\users\administrator\desktop\hbcentuu\client\cximage\release\xmemfile.obj
c:\users\administrator\desktop\hbcentuu\client\cximage\release\vc60.idb
c:\users\administrator\desktop\hbcentuu\client\cximage\.\release\cximage.lib
