c:\users\administrator\source\repos\vitanet\helbreathcommunity\hgserver\debug\vc140.pdb
c:\users\administrator\source\repos\vitanet\helbreathcommunity\hgserver\debug\npc.obj
c:\users\administrator\source\repos\vitanet\helbreathcommunity\hgserver\debug\msg.obj
c:\users\administrator\source\repos\vitanet\helbreathcommunity\hgserver\debug\misc.obj
c:\users\administrator\source\repos\vitanet\helbreathcommunity\hgserver\debug\mineral.obj
c:\users\administrator\source\repos\vitanet\helbreathcommunity\hgserver\debug\map.obj
c:\users\administrator\source\repos\vitanet\helbreathcommunity\hgserver\debug\magic.obj
c:\users\administrator\source\repos\vitanet\helbreathcommunity\hgserver\debug\item.obj
c:\users\administrator\source\repos\vitanet\helbreathcommunity\hgserver\debug\heldenian.obj
c:\users\administrator\source\repos\vitanet\helbreathcommunity\hgserver\debug\guildsman.obj
c:\users\administrator\source\repos\vitanet\helbreathcommunity\hgserver\debug\game2.obj
c:\users\administrator\source\repos\vitanet\helbreathcommunity\hgserver\debug\game.obj
c:\users\administrator\source\repos\vitanet\helbreathcommunity\hgserver\debug\fish.obj
c:\users\administrator\source\repos\vitanet\helbreathcommunity\hgserver\debug\dynamicobject.obj
c:\users\administrator\source\repos\vitanet\helbreathcommunity\hgserver\debug\delayevent.obj
c:\users\administrator\source\repos\vitanet\helbreathcommunity\hgserver\debug\debugdialog.obj
c:\users\administrator\source\repos\vitanet\helbreathcommunity\hgserver\debug\crusade.obj
c:\users\administrator\source\repos\vitanet\helbreathcommunity\hgserver\debug\client.obj
c:\users\administrator\source\repos\vitanet\helbreathcommunity\hgserver\debug\capturetheflag.obj
c:\users\administrator\source\repos\vitanet\helbreathcommunity\hgserver\debug\builditem.obj
c:\users\administrator\source\repos\vitanet\helbreathcommunity\hgserver\debug\apocalypse.obj
c:\users\administrator\source\repos\vitanet\helbreathcommunity\hgserver\debug\xsocket.obj
c:\users\administrator\source\repos\vitanet\helbreathcommunity\hgserver\debug\wmain.obj
c:\users\administrator\source\repos\vitanet\helbreathcommunity\hgserver\debug\tile.obj
c:\users\administrator\source\repos\vitanet\helbreathcommunity\hgserver\debug\tempnpcitem.obj
c:\users\administrator\source\repos\vitanet\helbreathcommunity\hgserver\debug\teleportloc.obj
c:\users\administrator\source\repos\vitanet\helbreathcommunity\hgserver\debug\teleport.obj
c:\users\administrator\source\repos\vitanet\helbreathcommunity\hgserver\debug\strtok.obj
c:\users\administrator\source\repos\vitanet\helbreathcommunity\hgserver\debug\strategicpoint.obj
c:\users\administrator\source\repos\vitanet\helbreathcommunity\hgserver\debug\skill.obj
c:\users\administrator\source\repos\vitanet\helbreathcommunity\hgserver\debug\quest.obj
c:\users\administrator\source\repos\vitanet\helbreathcommunity\hgserver\debug\potion.obj
c:\users\administrator\source\repos\vitanet\helbreathcommunity\hgserver\debug\party.obj
c:\users\administrator\source\repos\vitanet\helbreathcommunity\hgserver\debug\occupyflag.obj
c:\users\administrator\source\repos\vitanet\helbreathcommunity\hgserver\debug\hgserver.exe
c:\users\administrator\source\repos\vitanet\helbreathcommunity\hgserver\debug\hgserver.pdb
c:\users\administrator\source\repos\vitanet\helbreathcommunity\hgserver\debug\hgserver.res
c:\users\administrator\source\repos\vitanet\helbreathcommunity\hgserver\.\debug\hgserver.exe
c:\users\administrator\source\repos\vitanet\helbreathcommunity\hgserver\debug\hgserver.tlog\cl.command.1.tlog
c:\users\administrator\source\repos\vitanet\helbreathcommunity\hgserver\debug\hgserver.tlog\cl.read.1.tlog
c:\users\administrator\source\repos\vitanet\helbreathcommunity\hgserver\debug\hgserver.tlog\cl.write.1.tlog
c:\users\administrator\source\repos\vitanet\helbreathcommunity\hgserver\debug\hgserver.tlog\link.command.1.tlog
c:\users\administrator\source\repos\vitanet\helbreathcommunity\hgserver\debug\hgserver.tlog\link.read.1.tlog
c:\users\administrator\source\repos\vitanet\helbreathcommunity\hgserver\debug\hgserver.tlog\link.write.1.tlog
c:\users\administrator\source\repos\vitanet\helbreathcommunity\hgserver\debug\hgserver.tlog\rc.command.1.tlog
c:\users\administrator\source\repos\vitanet\helbreathcommunity\hgserver\debug\hgserver.tlog\rc.read.1.tlog
c:\users\administrator\source\repos\vitanet\helbreathcommunity\hgserver\debug\hgserver.tlog\rc.write.1.tlog
