  Apocalypse.cpp
  BuildItem.cpp
  CaptureTheFlag.cpp
  Client.cpp
  Crusade.cpp
  DebugDialog.cpp
  DelayEvent.cpp
  DynamicObject.cpp
  Fish.cpp
  Game.cpp
  Game2.cpp
  GuildsMan.cpp
  Heldenian.cpp
  Item.cpp
  Magic.cpp
  Map.cpp
  Mineral.cpp
  Misc.cpp
  Msg.cpp
  Npc.cpp
  Generating Code...
  Compiling...
  OccupyFlag.cpp
  Party.cpp
  Potion.cpp
  Quest.cpp
  Skill.cpp
  StrategicPoint.cpp
  StrTok.cpp
  Teleport.cpp
  TeleportLoc.cpp
  TempNpcItem.cpp
  Tile.cpp
  wmain.cpp
  XSocket.cpp
  Generating Code...
  HGserver.vcxproj -> C:\Users\Administrator\Source\Repos\vitanet\HelbreathCommunity\HGServer\.\Debug\HGserver.exe
  HGserver.vcxproj -> .\Debug\HGserver.pdb (Full PDB)
