c:\users\administrator\source\repos\vitanet\helbreathcommunity\client\release\client.bsc
c:\users\administrator\source\repos\vitanet\helbreathcommunity\client\release\vc140.pdb
c:\users\administrator\source\repos\vitanet\helbreathcommunity\client\release\builditem.sbr
c:\users\administrator\source\repos\vitanet\helbreathcommunity\client\release\charinfo.sbr
c:\users\administrator\source\repos\vitanet\helbreathcommunity\client\release\curse.sbr
c:\users\administrator\source\repos\vitanet\helbreathcommunity\client\release\dxc_ddraw.sbr
c:\users\administrator\source\repos\vitanet\helbreathcommunity\client\release\dxc_dinput.sbr
c:\users\administrator\source\repos\vitanet\helbreathcommunity\client\release\dxc_dsound.sbr
c:\users\administrator\source\repos\vitanet\helbreathcommunity\client\release\effect.sbr
c:\users\administrator\source\repos\vitanet\helbreathcommunity\client\release\game.sbr
c:\users\administrator\source\repos\vitanet\helbreathcommunity\client\release\game2.sbr
c:\users\administrator\source\repos\vitanet\helbreathcommunity\client\release\gamemonitor.sbr
c:\users\administrator\source\repos\vitanet\helbreathcommunity\client\release\item.sbr
c:\users\administrator\source\repos\vitanet\helbreathcommunity\client\release\itemname.sbr
c:\users\administrator\source\repos\vitanet\helbreathcommunity\client\release\magic.sbr
c:\users\administrator\source\repos\vitanet\helbreathcommunity\client\release\mapdata.sbr
c:\users\administrator\source\repos\vitanet\helbreathcommunity\client\release\misc.sbr
c:\users\administrator\source\repos\vitanet\helbreathcommunity\client\release\mouseinterface.sbr
c:\users\administrator\source\repos\vitanet\helbreathcommunity\client\release\mp3.sbr
c:\users\administrator\source\repos\vitanet\helbreathcommunity\client\release\msg.sbr
c:\users\administrator\source\repos\vitanet\helbreathcommunity\client\release\mydib.sbr
c:\users\administrator\source\repos\vitanet\helbreathcommunity\client\release\onlineuser.sbr
c:\users\administrator\source\repos\vitanet\helbreathcommunity\client\release\onlineuser.obj
c:\users\administrator\source\repos\vitanet\helbreathcommunity\client\release\mydib.obj
c:\users\administrator\source\repos\vitanet\helbreathcommunity\client\release\msg.obj
c:\users\administrator\source\repos\vitanet\helbreathcommunity\client\release\mp3.obj
c:\users\administrator\source\repos\vitanet\helbreathcommunity\client\release\mouseinterface.obj
c:\users\administrator\source\repos\vitanet\helbreathcommunity\client\release\misc.obj
c:\users\administrator\source\repos\vitanet\helbreathcommunity\client\release\mapdata.obj
c:\users\administrator\source\repos\vitanet\helbreathcommunity\client\release\magic.obj
c:\users\administrator\source\repos\vitanet\helbreathcommunity\client\release\itemname.obj
c:\users\administrator\source\repos\vitanet\helbreathcommunity\client\release\item.obj
c:\users\administrator\source\repos\vitanet\helbreathcommunity\client\release\gamemonitor.obj
c:\users\administrator\source\repos\vitanet\helbreathcommunity\client\release\game2.obj
c:\users\administrator\source\repos\vitanet\helbreathcommunity\client\release\game.obj
c:\users\administrator\source\repos\vitanet\helbreathcommunity\client\release\effect.obj
c:\users\administrator\source\repos\vitanet\helbreathcommunity\client\release\dxc_dsound.obj
c:\users\administrator\source\repos\vitanet\helbreathcommunity\client\release\dxc_dinput.obj
c:\users\administrator\source\repos\vitanet\helbreathcommunity\client\release\dxc_ddraw.obj
c:\users\administrator\source\repos\vitanet\helbreathcommunity\client\release\curse.obj
c:\users\administrator\source\repos\vitanet\helbreathcommunity\client\release\charinfo.obj
c:\users\administrator\source\repos\vitanet\helbreathcommunity\client\release\builditem.obj
c:\users\administrator\source\repos\vitanet\helbreathcommunity\client\release\skill.sbr
c:\users\administrator\source\repos\vitanet\helbreathcommunity\client\release\soundbuffer.sbr
c:\users\administrator\source\repos\vitanet\helbreathcommunity\client\release\sprite.sbr
c:\users\administrator\source\repos\vitanet\helbreathcommunity\client\release\strtok.sbr
c:\users\administrator\source\repos\vitanet\helbreathcommunity\client\release\tile.sbr
c:\users\administrator\source\repos\vitanet\helbreathcommunity\client\release\tilespr.sbr
c:\users\administrator\source\repos\vitanet\helbreathcommunity\client\release\wmain.sbr
c:\users\administrator\source\repos\vitanet\helbreathcommunity\client\release\xsocket.sbr
c:\users\administrator\source\repos\vitanet\helbreathcommunity\client\release\ywsound.sbr
c:\users\administrator\source\repos\vitanet\helbreathcommunity\client\release\ywsound.obj
c:\users\administrator\source\repos\vitanet\helbreathcommunity\client\release\xsocket.obj
c:\users\administrator\source\repos\vitanet\helbreathcommunity\client\release\wmain.obj
c:\users\administrator\source\repos\vitanet\helbreathcommunity\client\release\tilespr.obj
c:\users\administrator\source\repos\vitanet\helbreathcommunity\client\release\tile.obj
c:\users\administrator\source\repos\vitanet\helbreathcommunity\client\release\strtok.obj
c:\users\administrator\source\repos\vitanet\helbreathcommunity\client\release\sprite.obj
c:\users\administrator\source\repos\vitanet\helbreathcommunity\client\release\soundbuffer.obj
c:\users\administrator\source\repos\vitanet\helbreathcommunity\client\release\skill.obj
c:\users\administrator\source\repos\vitanet\helbreathcommunity\client\release\game.lib
c:\users\administrator\source\repos\vitanet\helbreathcommunity\client\release\game.exp
c:\users\administrator\source\repos\vitanet\helbreathcommunity\client\release\game.exe
c:\users\administrator\source\repos\vitanet\helbreathcommunity\client\release\game.pdb
c:\users\administrator\source\repos\vitanet\helbreathcommunity\client\release\resource.res
c:\users\administrator\source\repos\vitanet\helbreathcommunity\client\.\release\game.exe
c:\users\administrator\source\repos\vitanet\helbreathcommunity\client\release\game.tlog\bscmake.command.1.tlog
c:\users\administrator\source\repos\vitanet\helbreathcommunity\client\release\game.tlog\bscmake.read.1.tlog
c:\users\administrator\source\repos\vitanet\helbreathcommunity\client\release\game.tlog\bscmake.write.1.tlog
c:\users\administrator\source\repos\vitanet\helbreathcommunity\client\release\game.tlog\cl.command.1.tlog
c:\users\administrator\source\repos\vitanet\helbreathcommunity\client\release\game.tlog\cl.read.1.tlog
c:\users\administrator\source\repos\vitanet\helbreathcommunity\client\release\game.tlog\cl.write.1.tlog
c:\users\administrator\source\repos\vitanet\helbreathcommunity\client\release\game.tlog\game.write.1u.tlog
c:\users\administrator\source\repos\vitanet\helbreathcommunity\client\release\game.tlog\link.command.1.tlog
c:\users\administrator\source\repos\vitanet\helbreathcommunity\client\release\game.tlog\link.read.1.tlog
c:\users\administrator\source\repos\vitanet\helbreathcommunity\client\release\game.tlog\link.write.1.tlog
c:\users\administrator\source\repos\vitanet\helbreathcommunity\client\release\game.tlog\rc.command.1.tlog
c:\users\administrator\source\repos\vitanet\helbreathcommunity\client\release\game.tlog\rc.read.1.tlog
c:\users\administrator\source\repos\vitanet\helbreathcommunity\client\release\game.tlog\rc.write.1.tlog
